<?xml version="1.0" encoding="UTF-8"?>
<testsuite name="edu.jsu.mcis.TicTacToeModelTest" tests="12" skipped="0" failures="0" errors="0" timestamp="2017-09-18T15:32:37" hostname="LAPTOP-6AJ3N0JS" time="0.012">
  <properties/>
  <testcase name="testGameIsWonByXDiagonallyFromTopLeftToBottomRight" classname="edu.jsu.mcis.TicTacToeModelTest" time="0.008"/>
  <testcase name="testGameIsOverByTieIfAllLocationsAreFilled" classname="edu.jsu.mcis.TicTacToeModelTest" time="0.0"/>
  <testcase name="testGameIsWonByOWithFirstCol" classname="edu.jsu.mcis.TicTacToeModelTest" time="0.0"/>
  <testcase name="testGameIsWonByXHorizontallyAcrossTopRow" classname="edu.jsu.mcis.TicTacToeModelTest" time="0.0"/>
  <testcase name="testOutOfBoundsMark" classname="edu.jsu.mcis.TicTacToeModelTest" time="0.0"/>
  <testcase name="testMarkXInUpperRightCorner" classname="edu.jsu.mcis.TicTacToeModelTest" time="0.0"/>
  <testcase name="testGameisWonByODiagonallyFromBottomLeftToTopRight" classname="edu.jsu.mcis.TicTacToeModelTest" time="0.0"/>
  <testcase name="testMarkOInBottomLeftCorner" classname="edu.jsu.mcis.TicTacToeModelTest" time="0.0"/>
  <testcase name="testInitialBoardIsEmpty" classname="edu.jsu.mcis.TicTacToeModelTest" time="0.0"/>
  <testcase name="testXWinDiagonallyFromTopLeftToBottomRightOn5x5Board" classname="edu.jsu.mcis.TicTacToeModelTest" time="0.0"/>
  <testcase name="testGameIsNotOverAfterTheFirstMark" classname="edu.jsu.mcis.TicTacToeModelTest" time="0.0"/>
  <testcase name="testUnableToMarkOverExistingMark" classname="edu.jsu.mcis.TicTacToeModelTest" time="0.0"/>
  <system-out><![CDATA[]]></system-out>
  <system-err><![CDATA[]]></system-err>
</testsuite>
